<?xml version="1.0" encoding="UTF-8"?>
<!-- Generated by org.testng.reporters.JUnitReportReporter -->
<testsuite hostname="IABLR-LT155" name="testrunner.TestRunner" tests="3" failures="0" timestamp="23 Aug 2020 04:13:34 GMT" time="6.408" errors="0">
  <testcase name="runScenario" time="4.270" classname="testrunner.TestRunner"/>
  <testcase name="runScenario" time="1.701" classname="testrunner.TestRunner"/>
  <testcase name="runScenario" time="0.437" classname="testrunner.TestRunner"/>
</testsuite> <!-- testrunner.TestRunner -->
